<?xml version="1.0" encoding="UTF-8"?>
<testsuites>
  <testsuite name="" tests="3" assertions="10" errors="0" warnings="0" failures="0" skipped="0" time="4.797300">
    <testsuite name="Test1" tests="1" assertions="1" errors="0" warnings="0" failures="0" skipped="0" time="1.123656">
      <testsuite name="mainTest" file="C:\Users\zakar\OneDrive\Desktop\TEST1\TEST2\mainTest.php" tests="1" assertions="1" errors="0" warnings="0" failures="0" skipped="0" time="1.123656">
        <testcase name="test" class="mainTest" classname="mainTest" file="C:\Users\zakar\OneDrive\Desktop\TEST1\TEST2\mainTest.php" line="8" assertions="1" time="1.123656"/>
      </testsuite>
    </testsuite>
    <testsuite name="Test2" tests="1" assertions="4" errors="0" warnings="0" failures="0" skipped="0" time="2.144189">
      <testsuite name="Connection" file="C:\Users\zakar\OneDrive\Desktop\TEST1\TEST2\Connection.php" tests="1" assertions="4" errors="0" warnings="0" failures="0" skipped="0" time="2.144189">
        <testcase name="testconnectionestablish" class="Connection" classname="Connection" file="C:\Users\zakar\OneDrive\Desktop\TEST1\TEST2\Connection.php" line="12" assertions="4" time="2.144189"/>
      </testsuite>
    </testsuite>
    <testsuite name="Test3" tests="1" assertions="5" errors="0" warnings="0" failures="0" skipped="0" time="1.529455">
      <testsuite name="Verification" file="C:\Users\zakar\OneDrive\Desktop\TEST1\TEST2\Verification.php" tests="1" assertions="5" errors="0" warnings="0" failures="0" skipped="0" time="1.529455">
        <testcase name="testVerification" class="Verification" classname="Verification" file="C:\Users\zakar\OneDrive\Desktop\TEST1\TEST2\Verification.php" line="12" assertions="5" time="1.529455">
          <system-out>&#13;
</system-out>
        </testcase>
      </testsuite>
    </testsuite>
  </testsuite>
</testsuites>
